Command line:
   logic_unit_isim_beh.exe
     -simmode  gui
     -simrunnum  0
     -socket  51016

Tue Apr 25 15:21:31 2023


 Elaboration Time: 0 sec

 Current Memory Usage: 5136.96 Meg

 Total Signals          : 4
 Total Nets             : 13
 Total Signal Drivers   : 1
 Total Blocks           : 4
 Total Primitive Blocks : 4
 Total Processes        : 1
 Total Traceable Variables  : 11
 Total Scalar Nets and Variables : 392
Total Line Count : 3

 Total Simulation Time: 0 sec

 Current Memory Usage: 5136.96 Meg

Tue Apr 25 15:21:37 2023

