Running: C:\Xilinx\12.1\ISE_DS\ISE\bin\nt64\unwrapped\fuse.exe -intstyle ise -incremental -o N:/Coa/lab 5/common bus/MUX4x1/commonBus_Test_isim_beh.exe -prj N:/Coa/lab 5/common bus/MUX4x1/commonBus_Test_beh.prj work.commonBus_Test 
ISim M.53d (signature 0x7dea747)
Number of CPUs detected in this system: 12
Turning on mult-threading, number of parallel sub-compilation jobs: 24 
Determining compilation order of HDL files
Parsing VHDL file "N:/Coa/lab 5/common bus/MUX4x1/mux4x1.vhd" into library work
Parsing VHDL file "N:/Coa/lab 5/common bus/MUX4x1/commonBus.vhd" into library work
Parsing VHDL file "N:/Coa/lab 5/common bus/MUX4x1/commonBus_Test.vhd" into library work
Starting static elaboration
Completed static elaboration
Using precompiled package standard from library std
Using precompiled package std_logic_1164 from library ieee
Compiling architecture dataflow of entity mux4x1 [mux4x1_default]
Compiling architecture behavioral of entity commonbus [\commonBus(4)\]
Compiling architecture behavior of entity commonbus_test
Time Resolution for simulation is 1ps.
Compiled 7 VHDL Units
Built simulation executable N:/Coa/lab 5/common bus/MUX4x1/commonBus_Test_isim_beh.exe
Fuse Memory Usage: 18988 KB
Fuse CPU Usage: 156 ms
