Release 12.1 - xst M.53d (nt64)
Copyright (c) 1995-2010 Xilinx, Inc.  All rights reserved.
--> Parameter TMPDIR set to xst/projnav.tmp


Total REAL time to Xst completion: 0.00 secs
Total CPU time to Xst completion: 0.05 secs
 
--> Parameter xsthdpdir set to xst


Total REAL time to Xst completion: 0.00 secs
Total CPU time to Xst completion: 0.06 secs
 
--> Reading design: adderSub_201b299.prj

TABLE OF CONTENTS
  1) Synthesis Options Summary
  2) HDL Compilation
  3) Design Hierarchy Analysis
  4) HDL Analysis
  5) HDL Synthesis
     5.1) HDL Synthesis Report
  6) Advanced HDL Synthesis
     6.1) Advanced HDL Synthesis Report
  7) Low Level Synthesis
  8) Partition Report
  9) Final Report

=========================================================================
*                      Synthesis Options Summary                        *
=========================================================================
---- Source Parameters
Input File Name                    : "adderSub_201b299.prj"
Input Format                       : mixed
Ignore Synthesis Constraint File   : NO

---- Target Parameters
Output File Name                   : "adderSub_201b299"
Output Format                      : NGC
Target Device                      : Automotive 9500XL

---- Source Options
Top Module Name                    : adderSub_201b299
Automatic FSM Extraction           : YES
FSM Encoding Algorithm             : Auto
Safe Implementation                : No
Mux Extraction                     : YES
Resource Sharing                   : YES

---- Target Options
Add IO Buffers                     : YES
MACRO Preserve                     : YES
XOR Preserve                       : YES
Equivalent register Removal        : YES

---- General Options
Optimization Goal                  : Speed
Optimization Effort                : 1
Library Search Order               : adderSub_201b299.lso
Keep Hierarchy                     : YES
Netlist Hierarchy                  : as_optimized
RTL Output                         : Yes
Hierarchy Separator                : /
Bus Delimiter                      : <>
Case Specifier                     : maintain
Verilog 2001                       : YES

---- Other Options
Clock Enable                       : YES
wysiwyg                            : NO

=========================================================================


=========================================================================
*                          HDL Compilation                              *
=========================================================================
Compiling vhdl file "//fileserver1/201b299/Coa/lab 3/adder subtractor/adderSub_201b299/exp3_FA.vhd" in Library work.
Architecture behavioral of Entity exp3_fa is up to date.
Compiling vhdl file "//fileserver1/201b299/Coa/lab 3/adder subtractor/adderSub_201b299/adderSub_201b299.vhd" in Library work.
Entity <addersub_201b299> compiled.
Entity <addersub_201b299> (Architecture <behavioral>) compiled.

=========================================================================
*                     Design Hierarchy Analysis                         *
=========================================================================
Analyzing hierarchy for entity <adderSub_201b299> in library <work> (architecture <behavioral>) with generics.
	N = 4

Analyzing hierarchy for entity <exp3_FA> in library <work> (architecture <behavioral>).


=========================================================================
*                            HDL Analysis                               *
=========================================================================
Analyzing generic Entity <adderSub_201b299> in library <work> (Architecture <behavioral>).
	N = 4
Entity <adderSub_201b299> analyzed. Unit <adderSub_201b299> generated.

Analyzing Entity <exp3_FA> in library <work> (Architecture <behavioral>).
Entity <exp3_FA> analyzed. Unit <exp3_FA> generated.


=========================================================================
*                           HDL Synthesis                               *
=========================================================================

Performing bidirectional port resolution...

Synthesizing Unit <exp3_FA>.
    Related source file is "//fileserver1/201b299/Coa/lab 3/adder subtractor/adderSub_201b299/exp3_FA.vhd".
    Found 1-bit xor3 for signal <Sum>.
Unit <exp3_FA> synthesized.


Synthesizing Unit <adderSub_201b299>.
    Related source file is "//fileserver1/201b299/Coa/lab 3/adder subtractor/adderSub_201b299/adderSub_201b299.vhd".
    Found 4-bit xor2 for signal <Sig>.
    Summary:
	inferred   4 Xor(s).
Unit <adderSub_201b299> synthesized.


=========================================================================
HDL Synthesis Report

Macro Statistics
# Xors                                                 : 8
 1-bit xor2                                            : 4
 1-bit xor3                                            : 4

=========================================================================

=========================================================================
*                       Advanced HDL Synthesis                          *
=========================================================================


=========================================================================
Advanced HDL Synthesis Report

Macro Statistics
# Xors                                                 : 4
 1-bit xor3                                            : 4

=========================================================================

=========================================================================
*                         Low Level Synthesis                           *
=========================================================================

Optimizing unit <adderSub_201b299> ...

Optimizing unit <exp3_FA> ...

=========================================================================
*                           Partition Report                            *
=========================================================================

Partition Implementation Status
-------------------------------

  No Partitions were found in this design.

-------------------------------

=========================================================================
*                            Final Report                               *
=========================================================================
Final Results
RTL Top Level Output File Name     : adderSub_201b299.ngr
Top Level Output File Name         : adderSub_201b299
Output Format                      : NGC
Optimization Goal                  : Speed
Keep Hierarchy                     : YES
Target Technology                  : Automotive 9500XL
Macro Preserve                     : YES
XOR Preserve                       : YES
Clock Enable                       : YES
wysiwyg                            : NO

Design Statistics
# IOs                              : 18

Cell Usage :
# BELS                             : 36
#      AND2                        : 12
#      INV                         : 4
#      OR2                         : 8
#      XOR2                        : 12
# IO Buffers                       : 18
#      IBUF                        : 9
#      OBUF                        : 9
=========================================================================


Total REAL time to Xst completion: 1.00 secs
Total CPU time to Xst completion: 1.43 secs
 
--> 

Total memory usage is 4487240 kilobytes

Number of errors   :    0 (   0 filtered)
Number of warnings :    0 (   0 filtered)
Number of infos    :    0 (   0 filtered)

